e:\zjh\qt_project\zjhcaptionwidget\x64\debug\main.obj
e:\zjh\qt_project\zjhcaptionwidget\x64\debug\moc_widget.obj
e:\zjh\qt_project\zjhcaptionwidget\x64\debug\widget.obj
e:\zjh\qt_project\zjhcaptionwidget\x64\debug\moc_zjhmenumanager.obj
e:\zjh\qt_project\zjhcaptionwidget\x64\debug\zjhcustommenu.obj
e:\zjh\qt_project\zjhcaptionwidget\x64\debug\zjhmenumanager.obj
e:\zjh\qt_project\zjhcaptionwidget\x64\debug\moc_zjhcustommenu.obj
e:\zjh\qt_project\zjhcaptionwidget\x64\debug\vc140.pdb
e:\zjh\qt_project\zjhcaptionwidget\debug\moc_predefs.h
e:\zjh\qt_project\zjhcaptionwidget\debug\zjhcaptionwidget.ilk
e:\zjh\qt_project\zjhcaptionwidget\debug\zjhcaptionwidget.exe
e:\zjh\qt_project\zjhcaptionwidget\debug\zjhcaptionwidget.pdb
e:\zjh\qt_project\zjhcaptionwidget\generatedfiles\debug\moc_widget.cpp
e:\zjh\qt_project\zjhcaptionwidget\generatedfiles\debug\moc_zjhcustommenu.cpp
e:\zjh\qt_project\zjhcaptionwidget\generatedfiles\debug\moc_zjhmenumanager.cpp
e:\zjh\qt_project\zjhcaptionwidget\generatedfiles\ui_widget.h
e:\zjh\qt_project\zjhcaptionwidget\x64\debug\zjhcaptionwidget.tlog\cl.command.1.tlog
e:\zjh\qt_project\zjhcaptionwidget\x64\debug\zjhcaptionwidget.tlog\cl.read.1.tlog
e:\zjh\qt_project\zjhcaptionwidget\x64\debug\zjhcaptionwidget.tlog\cl.write.1.tlog
e:\zjh\qt_project\zjhcaptionwidget\x64\debug\zjhcaptionwidget.tlog\custombuild.command.1.tlog
e:\zjh\qt_project\zjhcaptionwidget\x64\debug\zjhcaptionwidget.tlog\custombuild.read.1.tlog
e:\zjh\qt_project\zjhcaptionwidget\x64\debug\zjhcaptionwidget.tlog\custombuild.write.1.tlog
e:\zjh\qt_project\zjhcaptionwidget\x64\debug\zjhcaptionwidget.tlog\link.command.1.tlog
e:\zjh\qt_project\zjhcaptionwidget\x64\debug\zjhcaptionwidget.tlog\link.read.1.tlog
e:\zjh\qt_project\zjhcaptionwidget\x64\debug\zjhcaptionwidget.tlog\link.write.1.tlog
e:\zjh\qt_project\zjhcaptionwidget\x64\debug\zjhcaptionwidget.tlog\zjhcaptionwidget.write.1u.tlog
